# JRE version: OpenJDK Runtime Environment Temurin-21.0.10+7 (21.0.10+7) (build 21.0.10+7-LTS)
# Java VM: OpenJDK 64-Bit Server VM Temurin-21.0.10+7 (21.0.10+7-LTS, mixed mode, sharing, tiered, compressed oops, compressed class ptrs, parallel gc, windows-amd64)
GC Precious Log:
 CardTable entry size: 512
 CPUs: 16 total, 16 available
 Memory: 32719M
 Large Page Support: Disabled
 NUMA Support: Disabled
 Compressed Oops: Enabled (32-bit)
 Alignments: Space 512K, Generation 512K, Heap 2M
 Heap Min Capacity: 100M
 Heap Initial Capacity: 100M
 Heap Max Capacity: 2G
 Pre-touch: Disabled
 Parallel Workers: 13
Heap:
 PSYoungGen      total 9216K, used 3158K [0x00000000d5580000, 0x00000000d6000000, 0x0000000100000000)
  eden space 8704K, 30% used [0x00000000d5580000,0x00000000d581cc58,0x00000000d5e00000)
  from space 512K, 94% used [0x00000000d5f80000,0x00000000d5ff8c50,0x00000000d6000000)
  to   space 1024K, 0% used [0x00000000d5e80000,0x00000000d5e80000,0x00000000d5f80000)
 ParOldGen       total 92160K, used 92036K [0x0000000080000000, 0x0000000085a00000, 0x00000000d5580000)
  object space 92160K, 99% used [0x0000000080000000,0x00000000859e11f8,0x0000000085a00000)
 Metaspace       used 64174K, committed 65664K, reserved 1114112K
  class space    used 6694K, committed 7360K, reserved 1048576K
GC Heap History (20 events):
Event: 72.213 GC heap before
{Heap before GC invocations=137 (full 3):
 PSYoungGen      total 9728K, used 9248K [0x00000000d5580000, 0x00000000d6100000, 0x0000000100000000)
  eden space 8704K, 100% used [0x00000000d5580000,0x00000000d5e00000,0x00000000d5e00000)
  from space 1024K, 53% used [0x00000000d5f80000,0x00000000d6008000,0x00000000d6080000)
  to   space 512K, 0% used [0x00000000d6080000,0x00000000d6080000,0x00000000d6100000)
 ParOldGen       total 85504K, used 85235K [0x0000000080000000, 0x0000000085380000, 0x00000000d5580000)
  object space 85504K, 99% used [0x0000000080000000,0x000000008533cfc8,0x0000000085380000)
 Metaspace       used 61884K, committed 63424K, reserved 1114112K
  class space    used 6448K, committed 7104K, reserved 1048576K
}
Event: 72.214 GC heap after
{Heap after GC invocations=137 (full 3):
 PSYoungGen      total 9216K, used 448K [0x00000000d5580000, 0x00000000d6100000, 0x0000000100000000)
  eden space 8704K, 0% used [0x00000000d5580000,0x00000000d5580000,0x00000000d5e00000)
  from space 512K, 87% used [0x00000000d6080000,0x00000000d60f0000,0x00000000d6100000)
  to   space 512K, 0% used [0x00000000d6000000,0x00000000d6000000,0x00000000d6080000)
 ParOldGen       total 86016K, used 85659K [0x0000000080000000, 0x0000000085400000, 0x00000000d5580000)
  object space 86016K, 99% used [0x0000000080000000,0x00000000853a6fc8,0x0000000085400000)
 Metaspace       used 61884K, committed 63424K, reserved 1114112K
  class space    used 6448K, committed 7104K, reserved 1048576K
}
Event: 72.231 GC heap before
{Heap before GC invocations=138 (full 3):
 PSYoungGen      total 9216K, used 9152K [0x00000000d5580000, 0x00000000d6100000, 0x0000000100000000)
  eden space 8704K, 100% used [0x00000000d5580000,0x00000000d5e00000,0x00000000d5e00000)
  from space 512K, 87% used [0x00000000d6080000,0x00000000d60f0000,0x00000000d6100000)
  to   space 512K, 0% used [0x00000000d6000000,0x00000000d6000000,0x00000000d6080000)
 ParOldGen       total 86016K, used 85659K [0x0000000080000000, 0x0000000085400000, 0x00000000d5580000)
  object space 86016K, 99% used [0x0000000080000000,0x00000000853a6fc8,0x0000000085400000)
 Metaspace       used 61884K, committed 63424K, reserved 1114112K
  class space    used 6448K, committed 7104K, reserved 1048576K
}
Event: 72.234 GC heap after
{Heap after GC invocations=138 (full 3):
 PSYoungGen      total 9216K, used 512K [0x00000000d5580000, 0x00000000d6100000, 0x0000000100000000)
  eden space 8704K, 0% used [0x00000000d5580000,0x00000000d5580000,0x00000000d5e00000)
  from space 512K, 100% used [0x00000000d6000000,0x00000000d6080000,0x00000000d6080000)
  to   space 512K, 0% used [0x00000000d6080000,0x00000000d6080000,0x00000000d6100000)
 ParOldGen       total 86016K, used 85992K [0x0000000080000000, 0x0000000085400000, 0x00000000d5580000)
  object space 86016K, 99% used [0x0000000080000000,0x00000000853fa320,0x0000000085400000)
 Metaspace       used 61884K, committed 63424K, reserved 1114112K
  class space    used 6448K, committed 7104K, reserved 1048576K
}
Event: 72.285 GC heap before
{Heap before GC invocations=139 (full 3):
 PSYoungGen      total 9216K, used 9216K [0x00000000d5580000, 0x00000000d6100000, 0x0000000100000000)
  eden space 8704K, 100% used [0x00000000d5580000,0x00000000d5e00000,0x00000000d5e00000)
  from space 512K, 100% used [0x00000000d6000000,0x00000000d6080000,0x00000000d6080000)
  to   space 512K, 0% used [0x00000000d6080000,0x00000000d6080000,0x00000000d6100000)
 ParOldGen       total 86016K, used 85992K [0x0000000080000000, 0x0000000085400000, 0x00000000d5580000)
  object space 86016K, 99% used [0x0000000080000000,0x00000000853fa320,0x0000000085400000)
 Metaspace       used 61884K, committed 63424K, reserved 1114112K
  class space    used 6448K, committed 7104K, reserved 1048576K
}
Event: 72.288 GC heap after
{Heap after GC invocations=139 (full 3):
 PSYoungGen      total 9216K, used 384K [0x00000000d5580000, 0x00000000d6100000, 0x0000000100000000)
  eden space 8704K, 0% used [0x00000000d5580000,0x00000000d5580000,0x00000000d5e00000)
  from space 512K, 75% used [0x00000000d6080000,0x00000000d60e0000,0x00000000d6100000)
  to   space 1024K, 0% used [0x00000000d5f00000,0x00000000d5f00000,0x00000000d6000000)
 ParOldGen       total 86528K, used 86392K [0x0000000080000000, 0x0000000085480000, 0x00000000d5580000)
  object space 86528K, 99% used [0x0000000080000000,0x000000008545e320,0x0000000085480000)
 Metaspace       used 61884K, committed 63424K, reserved 1114112K
  class space    used 6448K, committed 7104K, reserved 1048576K
}
Event: 73.055 GC heap before
{Heap before GC invocations=140 (full 3):
 PSYoungGen      total 9216K, used 9088K [0x00000000d5580000, 0x00000000d6100000, 0x0000000100000000)
  eden space 8704K, 100% used [0x00000000d5580000,0x00000000d5e00000,0x00000000d5e00000)
  from space 512K, 75% used [0x00000000d6080000,0x00000000d60e0000,0x00000000d6100000)
  to   space 1024K, 0% used [0x00000000d5f00000,0x00000000d5f00000,0x00000000d6000000)
 ParOldGen       total 86528K, used 86392K [0x0000000080000000, 0x0000000085480000, 0x00000000d5580000)
  object space 86528K, 99% used [0x0000000080000000,0x000000008545e320,0x0000000085480000)
 Metaspace       used 61892K, committed 63424K, reserved 1114112K
  class space    used 6448K, committed 7104K, reserved 1048576K
}
Event: 73.058 GC heap after
{Heap after GC invocations=140 (full 3):
 PSYoungGen      total 9728K, used 512K [0x00000000d5580000, 0x00000000d6100000, 0x0000000100000000)
  eden space 8704K, 0% used [0x00000000d5580000,0x00000000d5580000,0x00000000d5e00000)
  from space 1024K, 50% used [0x00000000d5f00000,0x00000000d5f80000,0x00000000d6000000)
  to   space 1024K, 0% used [0x00000000d6000000,0x00000000d6000000,0x00000000d6100000)
 ParOldGen       total 87040K, used 86616K [0x0000000080000000, 0x0000000085500000, 0x00000000d5580000)
  object space 87040K, 99% used [0x0000000080000000,0x0000000085496320,0x0000000085500000)
 Metaspace       used 61892K, committed 63424K, reserved 1114112K
  class space    used 6448K, committed 7104K, reserved 1048576K
}
Event: 73.250 GC heap before
{Heap before GC invocations=141 (full 3):
 PSYoungGen      total 9728K, used 9216K [0x00000000d5580000, 0x00000000d6100000, 0x0000000100000000)
  eden space 8704K, 100% used [0x00000000d5580000,0x00000000d5e00000,0x00000000d5e00000)
  from space 1024K, 50% used [0x00000000d5f00000,0x00000000d5f80000,0x00000000d6000000)
  to   space 1024K, 0% used [0x00000000d6000000,0x00000000d6000000,0x00000000d6100000)
 ParOldGen       total 87040K, used 86616K [0x0000000080000000, 0x0000000085500000, 0x00000000d5580000)
  object space 87040K, 99% used [0x0000000080000000,0x0000000085496320,0x0000000085500000)
 Metaspace       used 61897K, committed 63424K, reserved 1114112K
  class space    used 6448K, committed 7104K, reserved 1048576K
}
Event: 73.252 GC heap after
{Heap after GC invocations=141 (full 3):
 PSYoungGen      total 9216K, used 471K [0x00000000d5580000, 0x00000000d6080000, 0x0000000100000000)
  eden space 8704K, 0% used [0x00000000d5580000,0x00000000d5580000,0x00000000d5e00000)
  from space 512K, 92% used [0x00000000d6000000,0x00000000d6075ee0,0x00000000d6080000)
  to   space 512K, 0% used [0x00000000d5f80000,0x00000000d5f80000,0x00000000d6000000)
 ParOldGen       total 87040K, used 86872K [0x0000000080000000, 0x0000000085500000, 0x00000000d5580000)
  object space 87040K, 99% used [0x0000000080000000,0x00000000854d6280,0x0000000085500000)
 Metaspace       used 61897K, committed 63424K, reserved 1114112K
  class space    used 6448K, committed 7104K, reserved 1048576K
}
Event: 73.405 GC heap before
{Heap before GC invocations=142 (full 3):
 PSYoungGen      total 9216K, used 9175K [0x00000000d5580000, 0x00000000d6080000, 0x0000000100000000)
  eden space 8704K, 100% used [0x00000000d5580000,0x00000000d5e00000,0x00000000d5e00000)
  from space 512K, 92% used [0x00000000d6000000,0x00000000d6075ee0,0x00000000d6080000)
  to   space 512K, 0% used [0x00000000d5f80000,0x00000000d5f80000,0x00000000d6000000)
 ParOldGen       total 87040K, used 86872K [0x0000000080000000, 0x0000000085500000, 0x00000000d5580000)
  object space 87040K, 99% used [0x0000000080000000,0x00000000854d6280,0x0000000085500000)
 Metaspace       used 61906K, committed 63424K, reserved 1114112K
  class space    used 6448K, committed 7104K, reserved 1048576K
}
Event: 73.406 GC heap after
{Heap after GC invocations=142 (full 3):
 PSYoungGen      total 9216K, used 469K [0x00000000d5580000, 0x00000000d6080000, 0x0000000100000000)
  eden space 8704K, 0% used [0x00000000d5580000,0x00000000d5580000,0x00000000d5e00000)
  from space 512K, 91% used [0x00000000d5f80000,0x00000000d5ff5680,0x00000000d6000000)
  to   space 512K, 0% used [0x00000000d6000000,0x00000000d6000000,0x00000000d6080000)
 ParOldGen       total 87552K, used 87111K [0x0000000080000000, 0x0000000085580000, 0x00000000d5580000)
  object space 87552K, 99% used [0x0000000080000000,0x0000000085511c60,0x0000000085580000)
 Metaspace       used 61906K, committed 63424K, reserved 1114112K
  class space    used 6448K, committed 7104K, reserved 1048576K
}
Event: 73.682 GC heap before
{Heap before GC invocations=143 (full 3):
 PSYoungGen      total 9216K, used 9173K [0x00000000d5580000, 0x00000000d6080000, 0x0000000100000000)
  eden space 8704K, 100% used [0x00000000d5580000,0x00000000d5e00000,0x00000000d5e00000)
  from space 512K, 91% used [0x00000000d5f80000,0x00000000d5ff5680,0x00000000d6000000)
  to   space 512K, 0% used [0x00000000d6000000,0x00000000d6000000,0x00000000d6080000)
 ParOldGen       total 87552K, used 87111K [0x0000000080000000, 0x0000000085580000, 0x00000000d5580000)
  object space 87552K, 99% used [0x0000000080000000,0x0000000085511c60,0x0000000085580000)
 Metaspace       used 61907K, committed 63424K, reserved 1114112K
  class space    used 6448K, committed 7104K, reserved 1048576K
}
Event: 73.684 GC heap after
{Heap after GC invocations=143 (full 3):
 PSYoungGen      total 9216K, used 480K [0x00000000d5580000, 0x00000000d6080000, 0x0000000100000000)
  eden space 8704K, 0% used [0x00000000d5580000,0x00000000d5580000,0x00000000d5e00000)
  from space 512K, 93% used [0x00000000d6000000,0x00000000d6078000,0x00000000d6080000)
  to   space 512K, 0% used [0x00000000d5f80000,0x00000000d5f80000,0x00000000d6000000)
 ParOldGen       total 87552K, used 87404K [0x0000000080000000, 0x0000000085580000, 0x00000000d5580000)
  object space 87552K, 99% used [0x0000000080000000,0x000000008555b150,0x0000000085580000)
 Metaspace       used 61907K, committed 63424K, reserved 1114112K
  class space    used 6448K, committed 7104K, reserved 1048576K
}
Event: 73.731 GC heap before
{Heap before GC invocations=144 (full 3):
 PSYoungGen      total 9216K, used 9184K [0x00000000d5580000, 0x00000000d6080000, 0x0000000100000000)
  eden space 8704K, 100% used [0x00000000d5580000,0x00000000d5e00000,0x00000000d5e00000)
  from space 512K, 93% used [0x00000000d6000000,0x00000000d6078000,0x00000000d6080000)
  to   space 512K, 0% used [0x00000000d5f80000,0x00000000d5f80000,0x00000000d6000000)
 ParOldGen       total 87552K, used 87404K [0x0000000080000000, 0x0000000085580000, 0x00000000d5580000)
  object space 87552K, 99% used [0x0000000080000000,0x000000008555b150,0x0000000085580000)
 Metaspace       used 61907K, committed 63424K, reserved 1114112K
  class space    used 6448K, committed 7104K, reserved 1048576K
}
Event: 73.732 GC heap after
{Heap after GC invocations=144 (full 3):
 PSYoungGen      total 9216K, used 483K [0x00000000d5580000, 0x00000000d6080000, 0x0000000100000000)
  eden space 8704K, 0% used [0x00000000d5580000,0x00000000d5580000,0x00000000d5e00000)
  from space 512K, 94% used [0x00000000d5f80000,0x00000000d5ff8d10,0x00000000d6000000)
  to   space 512K, 0% used [0x00000000d6000000,0x00000000d6000000,0x00000000d6080000)
 ParOldGen       total 88064K, used 87609K [0x0000000080000000, 0x0000000085600000, 0x00000000d5580000)
  object space 88064K, 99% used [0x0000000080000000,0x000000008558e410,0x0000000085600000)
 Metaspace       used 61907K, committed 63424K, reserved 1114112K
  class space    used 6448K, committed 7104K, reserved 1048576K
}
Event: 73.750 GC heap before
{Heap before GC invocations=145 (full 3):
 PSYoungGen      total 9216K, used 9187K [0x00000000d5580000, 0x00000000d6080000, 0x0000000100000000)
  eden space 8704K, 100% used [0x00000000d5580000,0x00000000d5e00000,0x00000000d5e00000)
  from space 512K, 94% used [0x00000000d5f80000,0x00000000d5ff8d10,0x00000000d6000000)
  to   space 512K, 0% used [0x00000000d6000000,0x00000000d6000000,0x00000000d6080000)
 ParOldGen       total 88064K, used 87609K [0x0000000080000000, 0x0000000085600000, 0x00000000d5580000)
  object space 88064K, 99% used [0x0000000080000000,0x000000008558e410,0x0000000085600000)
 Metaspace       used 61917K, committed 63424K, reserved 1114112K
  class space    used 6448K, committed 7104K, reserved 1048576K
}
Event: 73.751 GC heap after
{Heap after GC invocations=145 (full 3):
 PSYoungGen      total 9216K, used 384K [0x00000000d5580000, 0x00000000d6080000, 0x0000000100000000)
  eden space 8704K, 0% used [0x00000000d5580000,0x00000000d5580000,0x00000000d5e00000)
  from space 512K, 75% used [0x00000000d6000000,0x00000000d6060000,0x00000000d6080000)
  to   space 512K, 0% used [0x00000000d5f80000,0x00000000d5f80000,0x00000000d6000000)
 ParOldGen       total 88064K, used 87859K [0x0000000080000000, 0x0000000085600000, 0x00000000d5580000)
  object space 88064K, 99% used [0x0000000080000000,0x00000000855cccb0,0x0000000085600000)
 Metaspace       used 61917K, committed 63424K, reserved 1114112K
  class space    used 6448K, committed 7104K, reserved 1048576K
}
Event: 101.718 GC heap before
{Heap before GC invocations=146 (full 3):
 PSYoungGen      total 9216K, used 9087K [0x00000000d5580000, 0x00000000d6080000, 0x0000000100000000)
  eden space 8704K, 99% used [0x00000000d5580000,0x00000000d5dfffe8,0x00000000d5e00000)
  from space 512K, 75% used [0x00000000d6000000,0x00000000d6060000,0x00000000d6080000)
  to   space 512K, 0% used [0x00000000d5f80000,0x00000000d5f80000,0x00000000d6000000)
 ParOldGen       total 88064K, used 87859K [0x0000000080000000, 0x0000000085600000, 0x00000000d5580000)
  object space 88064K, 99% used [0x0000000080000000,0x00000000855cccb0,0x0000000085600000)
 Metaspace       used 61953K, committed 63488K, reserved 1114112K
  class space    used 6448K, committed 7104K, reserved 1048576K
}
Event: 101.756 GC heap after
{Heap after GC invocations=146 (full 3):
 PSYoungGen      total 9216K, used 477K [0x00000000d5580000, 0x00000000d6080000, 0x0000000100000000)
  eden space 8704K, 0% used [0x00000000d5580000,0x00000000d5580000,0x00000000d5e00000)
  from space 512K, 93% used [0x00000000d5f80000,0x00000000d5ff7580,0x00000000d6000000)
  to   space 512K, 0% used [0x00000000d6000000,0x00000000d6000000,0x00000000d6080000)
 ParOldGen       total 90112K, used 89317K [0x0000000080000000, 0x0000000085800000, 0x00000000d5580000)
  object space 90112K, 99% used [0x0000000080000000,0x0000000085739700,0x0000000085800000)
 Metaspace       used 61953K, committed 63488K, reserved 1114112K
  class space    used 6448K, committed 7104K, reserved 1048576K
}

