# JRE version: OpenJDK Runtime Environment Temurin-21.0.10+7 (21.0.10+7) (build 21.0.10+7-LTS)
# Java VM: OpenJDK 64-Bit Server VM Temurin-21.0.10+7 (21.0.10+7-LTS, mixed mode, sharing, tiered, compressed oops, compressed class ptrs, parallel gc, windows-amd64)
GC Precious Log:
 CardTable entry size: 512
 CPUs: 16 total, 16 available
 Memory: 32719M
 Large Page Support: Disabled
 NUMA Support: Disabled
 Compressed Oops: Enabled (32-bit)
 Alignments: Space 512K, Generation 512K, Heap 2M
 Heap Min Capacity: 100M
 Heap Initial Capacity: 100M
 Heap Max Capacity: 2G
 Pre-touch: Disabled
 Parallel Workers: 13
Heap:
 PSYoungGen      total 10752K, used 8531K [0x00000000d5580000, 0x00000000d6580000, 0x0000000100000000)
  eden space 6144K, 63% used [0x00000000d5580000,0x00000000d5954c88,0x00000000d5b80000)
  from space 4608K, 100% used [0x00000000d5c80000,0x00000000d6100000,0x00000000d6100000)
  to   space 3584K, 0% used [0x00000000d6200000,0x00000000d6200000,0x00000000d6580000)
 ParOldGen       total 1361408K, used 1361198K [0x0000000080000000, 0x00000000d3180000, 0x00000000d5580000)
  object space 1361408K, 99% used [0x0000000080000000,0x00000000d314b810,0x00000000d3180000)
 Metaspace       used 102666K, committed 104320K, reserved 1179648K
  class space    used 10309K, committed 11072K, reserved 1048576K
GC Heap History (20 events):
Event: 12287.635 GC heap before
{Heap before GC invocations=2714 (full 8):
 PSYoungGen      total 3584K, used 3136K [0x00000000d5580000, 0x00000000d5b80000, 0x0000000100000000)
  eden space 1536K, 100% used [0x00000000d5580000,0x00000000d5700000,0x00000000d5700000)
  from space 2048K, 78% used [0x00000000d5700000,0x00000000d5890000,0x00000000d5900000)
  to   space 2048K, 0% used [0x00000000d5980000,0x00000000d5980000,0x00000000d5b80000)
 ParOldGen       total 1335808K, used 1335664K [0x0000000080000000, 0x00000000d1880000, 0x00000000d5580000)
  object space 1335808K, 99% used [0x0000000080000000,0x00000000d185c240,0x00000000d1880000)
 Metaspace       used 102644K, committed 104320K, reserved 1179648K
  class space    used 10309K, committed 11072K, reserved 1048576K
}
Event: 12287.638 GC heap after
{Heap after GC invocations=2714 (full 8):
 PSYoungGen      total 4096K, used 1664K [0x00000000d5580000, 0x00000000d5b80000, 0x0000000100000000)
  eden space 2048K, 0% used [0x00000000d5580000,0x00000000d5580000,0x00000000d5780000)
  from space 2048K, 81% used [0x00000000d5980000,0x00000000d5b20000,0x00000000d5b80000)
  to   space 2048K, 0% used [0x00000000d5780000,0x00000000d5780000,0x00000000d5980000)
 ParOldGen       total 1337344K, used 1337248K [0x0000000080000000, 0x00000000d1a00000, 0x00000000d5580000)
  object space 1337344K, 99% used [0x0000000080000000,0x00000000d19e8240,0x00000000d1a00000)
 Metaspace       used 102644K, committed 104320K, reserved 1179648K
  class space    used 10309K, committed 11072K, reserved 1048576K
}
Event: 12287.643 GC heap before
{Heap before GC invocations=2715 (full 8):
 PSYoungGen      total 4096K, used 3712K [0x00000000d5580000, 0x00000000d5b80000, 0x0000000100000000)
  eden space 2048K, 100% used [0x00000000d5580000,0x00000000d5780000,0x00000000d5780000)
  from space 2048K, 81% used [0x00000000d5980000,0x00000000d5b20000,0x00000000d5b80000)
  to   space 2048K, 0% used [0x00000000d5780000,0x00000000d5780000,0x00000000d5980000)
 ParOldGen       total 1337344K, used 1337248K [0x0000000080000000, 0x00000000d1a00000, 0x00000000d5580000)
  object space 1337344K, 99% used [0x0000000080000000,0x00000000d19e8240,0x00000000d1a00000)
 Metaspace       used 102644K, committed 104320K, reserved 1179648K
  class space    used 10309K, committed 11072K, reserved 1048576K
}
Event: 12287.646 GC heap after
{Heap after GC invocations=2715 (full 8):
 PSYoungGen      total 4096K, used 2048K [0x00000000d5580000, 0x00000000d6000000, 0x0000000100000000)
  eden space 2048K, 0% used [0x00000000d5580000,0x00000000d5580000,0x00000000d5780000)
  from space 2048K, 100% used [0x00000000d5780000,0x00000000d5980000,0x00000000d5980000)
  to   space 4096K, 0% used [0x00000000d5c00000,0x00000000d5c00000,0x00000000d6000000)
 ParOldGen       total 1338880K, used 1338872K [0x0000000080000000, 0x00000000d1b80000, 0x00000000d5580000)
  object space 1338880K, 99% used [0x0000000080000000,0x00000000d1b7e240,0x00000000d1b80000)
 Metaspace       used 102644K, committed 104320K, reserved 1179648K
  class space    used 10309K, committed 11072K, reserved 1048576K
}
Event: 12287.652 GC heap before
{Heap before GC invocations=2716 (full 8):
 PSYoungGen      total 4096K, used 4096K [0x00000000d5580000, 0x00000000d6000000, 0x0000000100000000)
  eden space 2048K, 100% used [0x00000000d5580000,0x00000000d5780000,0x00000000d5780000)
  from space 2048K, 100% used [0x00000000d5780000,0x00000000d5980000,0x00000000d5980000)
  to   space 4096K, 0% used [0x00000000d5c00000,0x00000000d5c00000,0x00000000d6000000)
 ParOldGen       total 1338880K, used 1338872K [0x0000000080000000, 0x00000000d1b80000, 0x00000000d5580000)
  object space 1338880K, 99% used [0x0000000080000000,0x00000000d1b7e240,0x00000000d1b80000)
 Metaspace       used 102644K, committed 104320K, reserved 1179648K
  class space    used 10309K, committed 11072K, reserved 1048576K
}
Event: 12287.655 GC heap after
{Heap after GC invocations=2716 (full 8):
 PSYoungGen      total 5120K, used 2240K [0x00000000d5580000, 0x00000000d5e80000, 0x0000000100000000)
  eden space 2560K, 0% used [0x00000000d5580000,0x00000000d5580000,0x00000000d5800000)
  from space 2560K, 87% used [0x00000000d5c00000,0x00000000d5e30000,0x00000000d5e80000)
  to   space 3072K, 0% used [0x00000000d5880000,0x00000000d5880000,0x00000000d5b80000)
 ParOldGen       total 1340928K, used 1340904K [0x0000000080000000, 0x00000000d1d80000, 0x00000000d5580000)
  object space 1340928K, 99% used [0x0000000080000000,0x00000000d1d7a240,0x00000000d1d80000)
 Metaspace       used 102644K, committed 104320K, reserved 1179648K
  class space    used 10309K, committed 11072K, reserved 1048576K
}
Event: 12287.661 GC heap before
{Heap before GC invocations=2717 (full 8):
 PSYoungGen      total 5120K, used 4800K [0x00000000d5580000, 0x00000000d5e80000, 0x0000000100000000)
  eden space 2560K, 100% used [0x00000000d5580000,0x00000000d5800000,0x00000000d5800000)
  from space 2560K, 87% used [0x00000000d5c00000,0x00000000d5e30000,0x00000000d5e80000)
  to   space 3072K, 0% used [0x00000000d5880000,0x00000000d5880000,0x00000000d5b80000)
 ParOldGen       total 1340928K, used 1340904K [0x0000000080000000, 0x00000000d1d80000, 0x00000000d5580000)
  object space 1340928K, 99% used [0x0000000080000000,0x00000000d1d7a240,0x00000000d1d80000)
 Metaspace       used 102644K, committed 104320K, reserved 1179648K
  class space    used 10309K, committed 11072K, reserved 1048576K
}
Event: 12287.663 GC heap after
{Heap after GC invocations=2717 (full 8):
 PSYoungGen      total 6144K, used 2784K [0x00000000d5580000, 0x00000000d5e80000, 0x0000000100000000)
  eden space 3072K, 0% used [0x00000000d5580000,0x00000000d5580000,0x00000000d5880000)
  from space 3072K, 90% used [0x00000000d5880000,0x00000000d5b38000,0x00000000d5b80000)
  to   space 3072K, 0% used [0x00000000d5b80000,0x00000000d5b80000,0x00000000d5e80000)
 ParOldGen       total 1343488K, used 1343000K [0x0000000080000000, 0x00000000d2000000, 0x00000000d5580000)
  object space 1343488K, 99% used [0x0000000080000000,0x00000000d1f86240,0x00000000d2000000)
 Metaspace       used 102644K, committed 104320K, reserved 1179648K
  class space    used 10309K, committed 11072K, reserved 1048576K
}
Event: 12287.677 GC heap before
{Heap before GC invocations=2718 (full 8):
 PSYoungGen      total 6144K, used 5559K [0x00000000d5580000, 0x00000000d5e80000, 0x0000000100000000)
  eden space 3072K, 90% used [0x00000000d5580000,0x00000000d5835ef8,0x00000000d5880000)
  from space 3072K, 90% used [0x00000000d5880000,0x00000000d5b38000,0x00000000d5b80000)
  to   space 3072K, 0% used [0x00000000d5b80000,0x00000000d5b80000,0x00000000d5e80000)
 ParOldGen       total 1343488K, used 1343000K [0x0000000080000000, 0x00000000d2000000, 0x00000000d5580000)
  object space 1343488K, 99% used [0x0000000080000000,0x00000000d1f86240,0x00000000d2000000)
 Metaspace       used 102644K, committed 104320K, reserved 1179648K
  class space    used 10309K, committed 11072K, reserved 1048576K
}
Event: 12287.682 GC heap after
{Heap after GC invocations=2718 (full 8):
 PSYoungGen      total 6656K, used 2400K [0x00000000d5580000, 0x00000000d5e80000, 0x0000000100000000)
  eden space 3584K, 0% used [0x00000000d5580000,0x00000000d5580000,0x00000000d5900000)
  from space 3072K, 78% used [0x00000000d5b80000,0x00000000d5dd8000,0x00000000d5e80000)
  to   space 2560K, 0% used [0x00000000d5900000,0x00000000d5900000,0x00000000d5b80000)
 ParOldGen       total 1346048K, used 1345632K [0x0000000080000000, 0x00000000d2280000, 0x00000000d5580000)
  object space 1346048K, 99% used [0x0000000080000000,0x00000000d2218240,0x00000000d2280000)
 Metaspace       used 102644K, committed 104320K, reserved 1179648K
  class space    used 10309K, committed 11072K, reserved 1048576K
}
Event: 12287.715 GC heap before
{Heap before GC invocations=2719 (full 8):
 PSYoungGen      total 6656K, used 5953K [0x00000000d5580000, 0x00000000d5e80000, 0x0000000100000000)
  eden space 3584K, 99% used [0x00000000d5580000,0x00000000d58f87c0,0x00000000d5900000)
  from space 3072K, 78% used [0x00000000d5b80000,0x00000000d5dd8000,0x00000000d5e80000)
  to   space 2560K, 0% used [0x00000000d5900000,0x00000000d5900000,0x00000000d5b80000)
 ParOldGen       total 1346048K, used 1345632K [0x0000000080000000, 0x00000000d2280000, 0x00000000d5580000)
  object space 1346048K, 99% used [0x0000000080000000,0x00000000d2218240,0x00000000d2280000)
 Metaspace       used 102645K, committed 104320K, reserved 1179648K
  class space    used 10309K, committed 11072K, reserved 1048576K
}
Event: 12287.722 GC heap after
{Heap after GC invocations=2719 (full 8):
 PSYoungGen      total 6144K, used 1872K [0x00000000d5580000, 0x00000000d5f00000, 0x0000000100000000)
  eden space 3584K, 0% used [0x00000000d5580000,0x00000000d5580000,0x00000000d5900000)
  from space 2560K, 73% used [0x00000000d5900000,0x00000000d5ad4000,0x00000000d5b80000)
  to   space 2560K, 0% used [0x00000000d5c80000,0x00000000d5c80000,0x00000000d5f00000)
 ParOldGen       total 1347584K, used 1347288K [0x0000000080000000, 0x00000000d2400000, 0x00000000d5580000)
  object space 1347584K, 99% used [0x0000000080000000,0x00000000d23b6240,0x00000000d2400000)
 Metaspace       used 102645K, committed 104320K, reserved 1179648K
  class space    used 10309K, committed 11072K, reserved 1048576K
}
Event: 12287.738 GC heap before
{Heap before GC invocations=2720 (full 8):
 PSYoungGen      total 6144K, used 5441K [0x00000000d5580000, 0x00000000d5f00000, 0x0000000100000000)
  eden space 3584K, 99% used [0x00000000d5580000,0x00000000d58fc778,0x00000000d5900000)
  from space 2560K, 73% used [0x00000000d5900000,0x00000000d5ad4000,0x00000000d5b80000)
  to   space 2560K, 0% used [0x00000000d5c80000,0x00000000d5c80000,0x00000000d5f00000)
 ParOldGen       total 1347584K, used 1347288K [0x0000000080000000, 0x00000000d2400000, 0x00000000d5580000)
  object space 1347584K, 99% used [0x0000000080000000,0x00000000d23b6240,0x00000000d2400000)
 Metaspace       used 102666K, committed 104320K, reserved 1179648K
  class space    used 10309K, committed 11072K, reserved 1048576K
}
Event: 12287.744 GC heap after
{Heap after GC invocations=2720 (full 8):
 PSYoungGen      total 6656K, used 1871K [0x00000000d5580000, 0x00000000d5e80000, 0x0000000100000000)
  eden space 4608K, 0% used [0x00000000d5580000,0x00000000d5580000,0x00000000d5a00000)
  from space 2048K, 91% used [0x00000000d5c80000,0x00000000d5e53c18,0x00000000d5e80000)
  to   space 2048K, 0% used [0x00000000d5a80000,0x00000000d5a80000,0x00000000d5c80000)
 ParOldGen       total 1352704K, used 1352352K [0x0000000080000000, 0x00000000d2900000, 0x00000000d5580000)
  object space 1352704K, 99% used [0x0000000080000000,0x00000000d28a8240,0x00000000d2900000)
 Metaspace       used 102666K, committed 104320K, reserved 1179648K
  class space    used 10309K, committed 11072K, reserved 1048576K
}
Event: 12287.760 GC heap before
{Heap before GC invocations=2721 (full 8):
 PSYoungGen      total 6656K, used 6479K [0x00000000d5580000, 0x00000000d5e80000, 0x0000000100000000)
  eden space 4608K, 100% used [0x00000000d5580000,0x00000000d5a00000,0x00000000d5a00000)
  from space 2048K, 91% used [0x00000000d5c80000,0x00000000d5e53c18,0x00000000d5e80000)
  to   space 2048K, 0% used [0x00000000d5a80000,0x00000000d5a80000,0x00000000d5c80000)
 ParOldGen       total 1352704K, used 1352352K [0x0000000080000000, 0x00000000d2900000, 0x00000000d5580000)
  object space 1352704K, 99% used [0x0000000080000000,0x00000000d28a8240,0x00000000d2900000)
 Metaspace       used 102666K, committed 104320K, reserved 1179648K
  class space    used 10309K, committed 11072K, reserved 1048576K
}
Event: 12287.766 GC heap after
{Heap after GC invocations=2721 (full 8):
 PSYoungGen      total 7168K, used 2028K [0x00000000d5580000, 0x00000000d6900000, 0x0000000100000000)
  eden space 5120K, 0% used [0x00000000d5580000,0x00000000d5580000,0x00000000d5a80000)
  from space 2048K, 99% used [0x00000000d5a80000,0x00000000d5c7b220,0x00000000d5c80000)
  to   space 7168K, 0% used [0x00000000d6200000,0x00000000d6200000,0x00000000d6900000)
 ParOldGen       total 1356800K, used 1356350K [0x0000000080000000, 0x00000000d2d00000, 0x00000000d5580000)
  object space 1356800K, 99% used [0x0000000080000000,0x00000000d2c8f8e0,0x00000000d2d00000)
 Metaspace       used 102666K, committed 104320K, reserved 1179648K
  class space    used 10309K, committed 11072K, reserved 1048576K
}
Event: 12287.829 GC heap before
{Heap before GC invocations=2722 (full 8):
 PSYoungGen      total 7168K, used 7148K [0x00000000d5580000, 0x00000000d6900000, 0x0000000100000000)
  eden space 5120K, 100% used [0x00000000d5580000,0x00000000d5a80000,0x00000000d5a80000)
  from space 2048K, 99% used [0x00000000d5a80000,0x00000000d5c7b220,0x00000000d5c80000)
  to   space 7168K, 0% used [0x00000000d6200000,0x00000000d6200000,0x00000000d6900000)
 ParOldGen       total 1356800K, used 1356350K [0x0000000080000000, 0x00000000d2d00000, 0x00000000d5580000)
  object space 1356800K, 99% used [0x0000000080000000,0x00000000d2c8f8e0,0x00000000d2d00000)
 Metaspace       used 102666K, committed 104320K, reserved 1179648K
  class space    used 10309K, committed 11072K, reserved 1048576K
}
Event: 12287.832 GC heap after
{Heap after GC invocations=2722 (full 8):
 PSYoungGen      total 9728K, used 3199K [0x00000000d5580000, 0x00000000d6580000, 0x0000000100000000)
  eden space 6144K, 0% used [0x00000000d5580000,0x00000000d5580000,0x00000000d5b80000)
  from space 3584K, 89% used [0x00000000d6200000,0x00000000d651ff10,0x00000000d6580000)
  to   space 4608K, 0% used [0x00000000d5c80000,0x00000000d5c80000,0x00000000d6100000)
 ParOldGen       total 1356800K, used 1356614K [0x0000000080000000, 0x00000000d2d00000, 0x00000000d5580000)
  object space 1356800K, 99% used [0x0000000080000000,0x00000000d2cd18e0,0x00000000d2d00000)
 Metaspace       used 102666K, committed 104320K, reserved 1179648K
  class space    used 10309K, committed 11072K, reserved 1048576K
}
Event: 12287.849 GC heap before
{Heap before GC invocations=2723 (full 8):
 PSYoungGen      total 9728K, used 9343K [0x00000000d5580000, 0x00000000d6580000, 0x0000000100000000)
  eden space 6144K, 100% used [0x00000000d5580000,0x00000000d5b80000,0x00000000d5b80000)
  from space 3584K, 89% used [0x00000000d6200000,0x00000000d651ff10,0x00000000d6580000)
  to   space 4608K, 0% used [0x00000000d5c80000,0x00000000d5c80000,0x00000000d6100000)
 ParOldGen       total 1356800K, used 1356614K [0x0000000080000000, 0x00000000d2d00000, 0x00000000d5580000)
  object space 1356800K, 99% used [0x0000000080000000,0x00000000d2cd18e0,0x00000000d2d00000)
 Metaspace       used 102666K, committed 104320K, reserved 1179648K
  class space    used 10309K, committed 11072K, reserved 1048576K
}
Event: 12290.055 GC heap after
{Heap after GC invocations=2723 (full 8):
 PSYoungGen      total 10752K, used 4608K [0x00000000d5580000, 0x00000000d6580000, 0x0000000100000000)
  eden space 6144K, 0% used [0x00000000d5580000,0x00000000d5580000,0x00000000d5b80000)
  from space 4608K, 100% used [0x00000000d5c80000,0x00000000d6100000,0x00000000d6100000)
  to   space 3584K, 0% used [0x00000000d6200000,0x00000000d6200000,0x00000000d6580000)
 ParOldGen       total 1361408K, used 1361198K [0x0000000080000000, 0x00000000d3180000, 0x00000000d5580000)
  object space 1361408K, 99% used [0x0000000080000000,0x00000000d314b810,0x00000000d3180000)
 Metaspace       used 102666K, committed 104320K, reserved 1179648K
  class space    used 10309K, committed 11072K, reserved 1048576K
}

